<?xml version="1.0" encoding="UTF-8"?>
<!-- Generated by org.testng.reporters.JUnitReportReporter -->
<testsuite hostname="DESKTOP-QI6H2EA" failures="0" tests="1" name="pageClass.baseClass" time="5.807" errors="0" timestamp="2024-07-15T18:26:10 PDT" skipped="0">
  <testcase classname="pageClass.baseClass" name="lounchBroswer" time="5.807"/>
  <system-out/>
</testsuite> <!-- pageClass.baseClass -->
